<?xml version="1.0" encoding="UTF-8"?>
<!-- Generated by org.testng.reporters.JUnitReportReporter -->
<testsuite hostname="KAVITA-LAPTOP" name="com.selenium.zoho.project.AppTest" tests="1" failures="0" timestamp="4 Sep 2018 02:56:34 GMT" time="0.003" errors="0">
  <testcase name="shouldAnswerWithTrue" time="0.003" classname="com.selenium.zoho.project.AppTest"/>
</testsuite> <!-- com.selenium.zoho.project.AppTest -->
